\BOOKMARK [0][-]{chapter.1}{\376\377\000T\000h\000e\000o\000r\000e\000t\000i\000c\000a\000l\000\040\000B\000a\000c\000k\000g\000r\000o\000u\000n\000d}{}% 1
\BOOKMARK [1][-]{section.1.1}{\376\377\000J\000o\000s\000e\000p\000h\000s\000o\000n\000\040\000j\000u\000n\000c\000t\000i\000o\000n\000s}{chapter.1}% 2
\BOOKMARK [2][-]{subsection.1.1.1}{\376\377\000J\000o\000s\000e\000p\000h\000s\000o\000n\000\040\000e\000f\000f\000e\000c\000t}{section.1.1}% 3
\BOOKMARK [2][-]{subsection.1.1.2}{\376\377\000J\000o\000s\000e\000p\000h\000s\000o\000n\000\040\000J\000u\000n\000c\000t\000i\000o\000n\000s\000\040\000i\000n\000\040\000a\000\040\000M\000a\000g\000n\000e\000t\000i\000c\000\040\000F\000i\000e\000l\000d}{section.1.1}% 4
\BOOKMARK [2][-]{subsection.1.1.3}{\376\377\000R\000C\000S\000J\000\040\000M\000o\000d\000e\000l}{section.1.1}% 5
\BOOKMARK [1][-]{section.1.2}{\376\377\000d\000c\000-\000S\000Q\000U\000I\000D\000s}{chapter.1}% 6
\BOOKMARK [2][-]{subsection.1.2.1}{\376\377\000Z\000e\000r\000o\000\040\000V\000o\000l\000t\000a\000g\000e\000\040\000S\000t\000a\000t\000e}{section.1.2}% 7
\BOOKMARK [2][-]{subsection.1.2.2}{\376\377\000V\000o\000l\000t\000a\000g\000e\000\040\000S\000t\000a\000t\000e}{section.1.2}% 8
\BOOKMARK [2][-]{subsection.1.2.3}{\376\377\000O\000p\000t\000i\000m\000a\000l\000\040\000P\000a\000r\000a\000m\000e\000t\000e\000r\000s}{section.1.2}% 9
\BOOKMARK [2][-]{subsection.1.2.4}{\376\377\000N\000o\000i\000s\000e}{section.1.2}% 10
\BOOKMARK [2][-]{subsection.1.2.5}{\376\377\000P\000a\000r\000a\000s\000i\000t\000i\000c\000\040\000R\000e\000s\000o\000n\000a\000n\000c\000e\000s}{section.1.2}% 11
\BOOKMARK [0][-]{chapter.2}{\376\377\000E\000x\000p\000e\000r\000i\000m\000e\000n\000t\000a\000l\000\040\000S\000e\000t\000u\000p}{}% 12
\BOOKMARK [1][-]{section.2.1}{\376\377\000P\000r\000a\000c\000t\000i\000c\000a\000l\000\040\000d\000c\000-\000S\000Q\000U\000I\000D\000s}{chapter.2}% 13
\BOOKMARK [2][-]{subsection.2.1.1}{\376\377\000G\000r\000a\000d\000i\000o\000m\000e\000t\000e\000r}{section.2.1}% 14
\BOOKMARK [1][-]{section.2.2}{\376\377\000O\000p\000e\000r\000a\000t\000i\000o\000n\000\040\000o\000f\000\040\000a\000\040\000d\000c\000-\000S\000Q\000U\000I\000D}{chapter.2}% 15
\BOOKMARK [2][-]{subsection.2.2.1}{\376\377\000F\000l\000u\000x\000-\000L\000o\000c\000k\000e\000d\000\040\000L\000o\000o\000p}{section.2.2}% 16
\BOOKMARK [2][-]{subsection.2.2.2}{\376\377\000T\000w\000o\000-\000S\000t\000a\000g\000e\000\040\000C\000o\000n\000f\000i\000g\000u\000r\000a\000t\000i\000o\000n}{section.2.2}% 17
\BOOKMARK [1][-]{section.2.3}{\376\377\000M\000e\000t\000a\000l\000l\000i\000c\000\040\000M\000a\000g\000n\000e\000t\000i\000c\000\040\000M\000i\000c\000r\000o\000c\000a\000l\000o\000r\000i\000m\000e\000t\000e\000r\000s}{chapter.2}% 18
\BOOKMARK [2][-]{subsection.2.3.1}{\376\377\000R\000e\000a\000d\000o\000u\000t\000\040\000w\000i\000t\000h\000\040\000C\000o\000u\000p\000l\000e\000d\000\040\000d\000c\000-\000S\000Q\000U\000I\000D\000s}{section.2.3}% 19
\BOOKMARK [1][-]{section.2.4}{\376\377\000d\000c\000-\000S\000Q\000U\000I\000D\000\040\000D\000e\000s\000i\000g\000n}{chapter.2}% 20
\BOOKMARK [2][-]{subsection.2.4.1}{\376\377\000d\000c\000-\000S\000Q\000U\000I\000D\000\040\000w\000i\000t\000h\000\040\000a\000\040\000T\000w\000o\000-\000T\000u\000r\000n\000\040\000I\000n\000p\000u\000t\000\040\000C\000o\000i\000l}{section.2.4}% 21
\BOOKMARK [1][-]{section.2.5}{\376\377\000D\000a\000m\000p\000i\000n\000g\000\040\000M\000e\000t\000h\000o\000d\000s}{chapter.2}% 22
\BOOKMARK [2][-]{subsection.2.5.1}{\376\377\000L\000o\000s\000s\000y\000\040\000I\000n\000p\000u\000t\000\040\000C\000o\000i\000l}{section.2.5}% 23
\BOOKMARK [2][-]{subsection.2.5.2}{\376\377\000I\000n\000d\000u\000c\000t\000i\000v\000e\000\040\000D\000a\000m\000p\000i\000n\000g}{section.2.5}% 24
\BOOKMARK [0][-]{chapter.3}{\376\377\000E\000x\000p\000e\000r\000i\000m\000e\000n\000t\000a\000l\000\040\000R\000e\000s\000u\000l\000t\000s}{}% 25
\BOOKMARK [1][-]{section.3.1}{\376\377\000d\000c\000-\000S\000Q\000U\000I\000D\000\040\000P\000r\000o\000p\000e\000r\000t\000i\000e\000s}{chapter.3}% 26
\BOOKMARK [2][-]{subsection.3.1.1}{\376\377\000C\000h\000a\000r\000a\000c\000t\000e\000r\000i\000s\000t\000i\000c\000\040\000P\000a\000r\000a\000m\000e\000t\000e\000r\000s}{section.3.1}% 27
\BOOKMARK [2][-]{subsection.3.1.2}{\376\377\000I\000n\000p\000u\000t\000\040\000C\000o\000i\000l\000\040\000I\000n\000d\000u\000c\000t\000a\000n\000c\000e}{section.3.1}% 28
\BOOKMARK [2][-]{subsection.3.1.3}{\376\377\000R\000e\000s\000o\000n\000a\000n\000c\000e\000\040\000B\000e\000h\000a\000v\000i\000o\000r}{section.3.1}% 29
\BOOKMARK [1][-]{section.3.2}{\376\377\000N\000o\000i\000s\000e\000\040\000P\000e\000r\000f\000o\000r\000m\000a\000n\000c\000e}{chapter.3}% 30
\BOOKMARK [0][-]{chapter.4}{\376\377\000S\000u\000m\000m\000a\000r\000y}{}% 31
\BOOKMARK [0][-]{chapter.5}{\376\377\000B\000i\000b\000l\000i\000o\000g\000r\000a\000p\000h\000y}{}% 32
